
Processing make_signal_wide_gen_shapes.C+(750)...
Minuit2Minimizer: Minimize with max-calls 3000 convergence for edm < 1 strategy 1
MnSeedGenerator: for initial parameters FCN = 5.611603298064
MnSeedGenerator: Initial state:   - FCN =   5.611603298064 Edm =     0.331273 NCalls =     25
MnSeedGenerator: Negative G2 found - new state:   - FCN =   5.551994836925 Edm =    0.0071988 NCalls =     47
VariableMetric: start iterating until Edm is < 0.001
VariableMetric: Initial state   - FCN =   5.551994836925 Edm =    0.0071988 NCalls =     47
VariableMetric: Iteration #   0 - FCN =   5.551994836925 Edm =    0.0071988 NCalls =     47
VariableMetric: Iteration #   1 - FCN =   5.531839273525 Edm =   0.00480455 NCalls =     66
VariableMetric: Iteration #   2 - FCN =   5.531642826287 Edm =   0.00204469 NCalls =     81
VariableMetric: Iteration #   3 - FCN =   5.530308025863 Edm =   0.00178637 NCalls =     97
VariableMetric: Iteration #   4 - FCN =   5.529072489523 Edm =   0.00151106 NCalls =    116
VariableMetric: Iteration #   5 - FCN =    5.52792533799 Edm =  0.000553864 NCalls =    131
VariableMetric: Iteration #   6 - FCN =   5.526792312262 Edm =  0.000405032 NCalls =    150
VariableMetric: After Hessian   - FCN =   5.526792312262 Edm =  0.000192427 NCalls =    192
VariableMetric: Iteration #   7 - FCN =   5.526792312262 Edm =  0.000192427 NCalls =    192
Minuit2Minimizer : Valid minimum - status = 0
FVAL  = 5.52679231226174217
Edm   = 0.000192427309532852751
Nfcn  = 192
CB_alpha	  = 1.61347	 +/-  1.50255	(limited)
CB_mean	  = 758.68	 +/-  40.9587	(limited)
CB_n	  = 0.194396	 +/-  2.90308	(limited)
CB_sigma	  = 29.1677	 +/-  44.6259	(limited)
Gaus_sigma	  = 50.4226	 +/-  327.28	(limited)
frac	  = 0.506324	 +/-  0.316152	(limited)
OK with fir

Processing make_signal_wide_gen_shapes.C+(850)...
Minuit2Minimizer: Minimize with max-calls 3000 convergence for edm < 1 strategy 1
MnSeedGenerator: for initial parameters FCN = 5.49002156627
MnSeedGenerator: Initial state:   - FCN =    5.49002156627 Edm =     0.171224 NCalls =     25
MnSeedGenerator: Negative G2 found - new state:   - FCN =   5.446195843348 Edm =   0.00896577 NCalls =     52
VariableMetric: start iterating until Edm is < 0.001
VariableMetric: Initial state   - FCN =   5.446195843348 Edm =   0.00896577 NCalls =     52
VariableMetric: Iteration #   0 - FCN =   5.446195843348 Edm =   0.00896577 NCalls =     52
VariableMetric: Iteration #   1 - FCN =    5.43845573652 Edm =   0.00825359 NCalls =     68
VariableMetric: Iteration #   2 - FCN =   5.427942472105 Edm =   0.00195847 NCalls =     90
VariableMetric: Iteration #   3 - FCN =   5.427278101917 Edm =   0.00108957 NCalls =    104
VariableMetric: Iteration #   4 - FCN =   5.426888521717 Edm =   0.00025254 NCalls =    118
VariableMetric: After Hessian   - FCN =   5.426888521717 Edm =  0.000163057 NCalls =    158
VariableMetric: Iteration #   5 - FCN =   5.426888521717 Edm =  0.000163057 NCalls =    158
Minuit2Minimizer : Valid minimum - status = 0
FVAL  = 5.42688852171652147
Edm   = 0.000163057038900642372
Nfcn  = 158
CB_alpha	  = 1.03325	 +/-  1.31948	(limited)
CB_mean	  = 861.283	 +/-  55.5466	(limited)
CB_n	  = 1.9118	 +/-  3.95056	(limited)
CB_sigma	  = 35.9243	 +/-  132.398	(limited)
Gaus_sigma	  = 77.1851	 +/-  231.744	(limited)
frac	  = 0.78895	 +/-  0.334113	(limited)
OK with fir

Processing make_signal_wide_gen_shapes.C+(950)...
Minuit2Minimizer: Minimize with max-calls 3000 convergence for edm < 1 strategy 1
MnSeedGenerator: for initial parameters FCN = 5.533831117159
MnSeedGenerator: Initial state:   - FCN =   5.533831117159 Edm =     0.054164 NCalls =     25
MnSeedGenerator: Negative G2 found - new state:   - FCN =   5.510631721854 Edm =    0.0132395 NCalls =     46
VariableMetric: start iterating until Edm is < 0.001
VariableMetric: Initial state   - FCN =   5.510631721854 Edm =    0.0132395 NCalls =     46
VariableMetric: Iteration #   0 - FCN =   5.510631721854 Edm =    0.0132395 NCalls =     46
VariableMetric: Iteration #   1 - FCN =   5.501824910908 Edm =   0.00504133 NCalls =     64
VariableMetric: Iteration #   2 - FCN =   5.497145054204 Edm =   0.00408171 NCalls =     81
VariableMetric: Iteration #   3 - FCN =   5.494292252147 Edm =  0.000165486 NCalls =    101
VariableMetric: After Hessian   - FCN =   5.494292252147 Edm =  0.000890343 NCalls =    141
VariableMetric: Iteration #   4 - FCN =   5.494292252147 Edm =  0.000890343 NCalls =    141
Minuit2Minimizer : Valid minimum - status = 0
FVAL  = 5.49429225214715355
Edm   = 0.000890343307632470316
Nfcn  = 141
CB_alpha	  = 1.006	 +/-  1.10049	(limited)
CB_mean	  = 962.299	 +/-  62.4028	(limited)
CB_n	  = 2.14256	 +/-  2.96344	(limited)
CB_sigma	  = 38.8765	 +/-  125.639	(limited)
Gaus_sigma	  = 96.5373	 +/-  261.81	(limited)
frac	  = 0.773839	 +/-  0.295009	(limited)
OK with fir

Processing make_signal_wide_gen_shapes.C+(1050)...
Minuit2Minimizer: Minimize with max-calls 3000 convergence for edm < 1 strategy 1
MnSeedGenerator: for initial parameters FCN = 5.513757487845
MnSeedGenerator: Initial state:   - FCN =   5.513757487845 Edm =   -0.0170559 NCalls =     25
MnSeedGenerator: Negative G2 found - new state:   - FCN =   5.503168088274 Edm =   0.00780483 NCalls =     48
VariableMetric: start iterating until Edm is < 0.001
VariableMetric: Initial state   - FCN =   5.503168088274 Edm =   0.00780483 NCalls =     48
VariableMetric: Iteration #   0 - FCN =   5.503168088274 Edm =   0.00780483 NCalls =     48
VariableMetric: Iteration #   1 - FCN =   5.496262318532 Edm =    0.0105447 NCalls =     65
VariableMetric: Iteration #   2 - FCN =   5.490569393892 Edm =  0.000460425 NCalls =     83
VariableMetric: Iteration #   3 - FCN =   5.490258668379 Edm =  0.000222302 NCalls =     97
VariableMetric: After Hessian   - FCN =   5.490258668379 Edm =  0.000523858 NCalls =    137
VariableMetric: Iteration #   4 - FCN =   5.490258668379 Edm =  0.000523858 NCalls =    137
Minuit2Minimizer : Valid minimum - status = 0
FVAL  = 5.49025866837938903
Edm   = 0.000523857718711567659
Nfcn  = 137
CB_alpha	  = 1.10122	 +/-  1.26506	(limited)
CB_mean	  = 1061.06	 +/-  65.8778	(limited)
CB_n	  = 1.48744	 +/-  3.56817	(limited)
CB_sigma	  = 43.2976	 +/-  137.98	(limited)
Gaus_sigma	  = 104.899	 +/-  365.435	(limited)
frac	  = 0.77696	 +/-  0.263453	(limited)
OK with fir

Processing make_signal_wide_gen_shapes.C+(1100)...
Minuit2Minimizer: Minimize with max-calls 3000 convergence for edm < 1 strategy 1
MnSeedGenerator: for initial parameters FCN = 5.448921287672
MnSeedGenerator: Initial state:   - FCN =   5.448921287672 Edm =    -0.347971 NCalls =     25
MnSeedGenerator: Negative G2 found - new state:   - FCN =   5.439699566115 Edm =   0.00656018 NCalls =     46
VariableMetric: start iterating until Edm is < 0.001
VariableMetric: Initial state   - FCN =   5.439699566115 Edm =   0.00656018 NCalls =     46
VariableMetric: Iteration #   0 - FCN =   5.439699566115 Edm =   0.00656018 NCalls =     46
VariableMetric: Iteration #   1 - FCN =   5.429298067974 Edm =   0.00422207 NCalls =     65
VariableMetric: Iteration #   2 - FCN =   5.429031902462 Edm =   0.00113584 NCalls =     79
VariableMetric: Iteration #   3 - FCN =     5.4283690085 Edm =   0.00036303 NCalls =     93
VariableMetric: Iteration #   4 - FCN =   5.427887145378 Edm =   0.00029236 NCalls =    110
VariableMetric: After Hessian   - FCN =   5.427887145378 Edm =  0.000737659 NCalls =    150
VariableMetric: Iteration #   5 - FCN =   5.427887145378 Edm =  0.000737659 NCalls =    150
Minuit2Minimizer : Valid minimum - status = 0
FVAL  = 5.42788714537792671
Edm   = 0.000737659247147840489
Nfcn  = 150
CB_alpha	  = 1.15837	 +/-  1.33773	(limited)
CB_mean	  = 1110.24	 +/-  64.9165	(limited)
CB_n	  = 1.17869	 +/-  2.75578	(limited)
CB_sigma	  = 45.216	 +/-  140.371	(limited)
Gaus_sigma	  = 104.921	 +/-  310.871	(limited)
frac	  = 0.779865	 +/-  0.377461	(limited)
OK with fir

Processing make_signal_wide_gen_shapes.C+(1150)...
Minuit2Minimizer: Minimize with max-calls 3000 convergence for edm < 1 strategy 1
MnSeedGenerator: for initial parameters FCN = 5.397483439599
MnSeedGenerator: Initial state:   - FCN =   5.397483439599 Edm =       0.1404 NCalls =     25
VariableMetric: start iterating until Edm is < 0.001
VariableMetric: Initial state   - FCN =   5.397483439599 Edm =       0.1404 NCalls =     25
VariableMetric: Iteration #   0 - FCN =   5.397483439599 Edm =       0.1404 NCalls =     25
VariableMetric: Iteration #   1 - FCN =   5.387758145443 Edm =    0.0141458 NCalls =     47
VariableMetric: Iteration #   2 - FCN =   5.384572180825 Edm =   0.00432047 NCalls =     63
VariableMetric: Iteration #   3 - FCN =   5.381250410948 Edm =   0.00213608 NCalls =     78
VariableMetric: Iteration #   4 - FCN =   5.380187489292 Edm =  0.000465729 NCalls =     95
VariableMetric: After Hessian   - FCN =   5.380187489292 Edm =   0.00126801 NCalls =    135
VariableMetric: Iteration #   5 - FCN =   5.380187489292 Edm =   0.00126801 NCalls =    135
VariableMetric: Iteration #   6 - FCN =   5.379214167927 Edm =   0.00145675 NCalls =    153
VariableMetric: Iteration #   7 - FCN =   5.379083271767 Edm =   0.00135171 NCalls =    167
VariableMetric: Iteration #   8 - FCN =   5.378937912293 Edm =  7.71752e-05 NCalls =    185
VariableMetric: After Hessian   - FCN =   5.378937912293 Edm =   0.00230811 NCalls =    227
VariableMetric: Iteration #   9 - FCN =   5.378937912293 Edm =   0.00230811 NCalls =    227
VariableMetric: Iteration #  10 - FCN =    5.37833529328 Edm =    0.0127499 NCalls =    244
VariableMetric: Iteration #  11 - FCN =    5.37782515042 Edm =  0.000370918 NCalls =    258
VariableMetric: Iteration #  12 - FCN =   5.377486327488 Edm =  0.000628488 NCalls =    272
VariableMetric: Iteration #  13 - FCN =   5.377223465038 Edm =   6.0249e-05 NCalls =    287
VariableMetric: After Hessian   - FCN =   5.377223465038 Edm =   9.8681e-05 NCalls =    327
VariableMetric: Iteration #  14 - FCN =   5.377223465038 Edm =   9.8681e-05 NCalls =    327
Minuit2Minimizer : Valid minimum - status = 0
FVAL  = 5.37722346503776727
Edm   = 9.86809610914305855e-05
Nfcn  = 327
CB_alpha	  = 1.42528	 +/-  1.25393	(limited)
CB_mean	  = 1158.26	 +/-  67.8124	(limited)
CB_n	  = 0.701549	 +/-  2.51222	(limited)
CB_sigma	  = 46.8757	 +/-  138.839	(limited)
Gaus_sigma	  = 96.3028	 +/-  390.722	(limited)
frac	  = 0.729806	 +/-  0.318205	(limited)
OK with fir

Processing make_signal_wide_gen_shapes.C+(1250)...
Minuit2Minimizer: Minimize with max-calls 3000 convergence for edm < 1 strategy 1
MnSeedGenerator: for initial parameters FCN = 5.406859398696
MnSeedGenerator: Initial state:   - FCN =   5.406859398696 Edm =    0.0194801 NCalls =     25
VariableMetric: start iterating until Edm is < 0.001
VariableMetric: Initial state   - FCN =   5.406859398696 Edm =    0.0194801 NCalls =     25
VariableMetric: Iteration #   0 - FCN =   5.406859398696 Edm =    0.0194801 NCalls =     25
VariableMetric: Iteration #   1 - FCN =   5.401151566738 Edm =   0.00333021 NCalls =     43
VariableMetric: Iteration #   2 - FCN =    5.39609090999 Edm =  0.000694571 NCalls =     59
VariableMetric: Iteration #   3 - FCN =   5.395667685139 Edm =  0.000430308 NCalls =     73
VariableMetric: Iteration #   4 - FCN =   5.395179181046 Edm =  0.000200125 NCalls =     86
VariableMetric: After Hessian   - FCN =   5.395179181046 Edm =  0.000666167 NCalls =    126
VariableMetric: Iteration #   5 - FCN =   5.395179181046 Edm =  0.000666167 NCalls =    126
Minuit2Minimizer : Valid minimum - status = 0
FVAL  = 5.39517918104620353
Edm   = 0.00066616665082018002
Nfcn  = 126
CB_alpha	  = 1.04779	 +/-  1.40807	(limited)
CB_mean	  = 1259.05	 +/-  74.5889	(limited)
CB_n	  = 1.51234	 +/-  4.00969	(limited)
CB_sigma	  = 50.9344	 +/-  137.149	(limited)
Gaus_sigma	  = 111.458	 +/-  325.384	(limited)
frac	  = 0.779545	 +/-  0.262859	(limited)
OK with fir

Processing make_signal_wide_gen_shapes.C+(1300)...
Minuit2Minimizer: Minimize with max-calls 3000 convergence for edm < 1 strategy 1
MnSeedGenerator: for initial parameters FCN = 5.45237233607
MnSeedGenerator: Initial state:   - FCN =    5.45237233607 Edm =   0.00748121 NCalls =     25
VariableMetric: start iterating until Edm is < 0.001
VariableMetric: Initial state   - FCN =    5.45237233607 Edm =   0.00748121 NCalls =     25
VariableMetric: Iteration #   0 - FCN =    5.45237233607 Edm =   0.00748121 NCalls =     25
VariableMetric: Iteration #   1 - FCN =   5.448873474944 Edm =   0.00486334 NCalls =     43
VariableMetric: Iteration #   2 - FCN =   5.444891406607 Edm =  0.000352691 NCalls =     61
VariableMetric: After Hessian   - FCN =   5.444891406607 Edm =   0.00228242 NCalls =    101
VariableMetric: Iteration #   3 - FCN =   5.444891406607 Edm =   0.00228242 NCalls =    101
VariableMetric: Iteration #   4 - FCN =   5.444829764599 Edm =     0.013699 NCalls =    115
VariableMetric: Iteration #   5 - FCN =    5.44398256737 Edm =  0.000334562 NCalls =    130
VariableMetric: Iteration #   6 - FCN =   5.443745594558 Edm =  0.000111825 NCalls =    144
VariableMetric: Iteration #   7 - FCN =   5.443485760785 Edm =  0.000107185 NCalls =    159
VariableMetric: After Hessian   - FCN =   5.443485760785 Edm =  0.000151001 NCalls =    199
VariableMetric: Iteration #   8 - FCN =   5.443485760785 Edm =  0.000151001 NCalls =    199
Minuit2Minimizer : Valid minimum - status = 0
FVAL  = 5.44348576078494251
Edm   = 0.000151001497815346535
Nfcn  = 199
CB_alpha	  = 1.28793	 +/-  1.38069	(limited)
CB_mean	  = 1305.85	 +/-  77.903	(limited)
CB_n	  = 0.943051	 +/-  3.65226	(limited)
CB_sigma	  = 50.6901	 +/-  133.042	(limited)
Gaus_sigma	  = 112.597	 +/-  401.727	(limited)
frac	  = 0.726813	 +/-  0.359197	(limited)
OK with fir

Processing make_signal_wide_gen_shapes.C+(1350)...
Minuit2Minimizer: Minimize with max-calls 3000 convergence for edm < 1 strategy 1
MnSeedGenerator: for initial parameters FCN = 5.494901336643
MnSeedGenerator: Initial state:   - FCN =   5.494901336643 Edm =    0.0035722 NCalls =     25
VariableMetric: start iterating until Edm is < 0.001
VariableMetric: Initial state   - FCN =   5.494901336643 Edm =    0.0035722 NCalls =     25
VariableMetric: Iteration #   0 - FCN =   5.494901336643 Edm =    0.0035722 NCalls =     25
VariableMetric: Iteration #   1 - FCN =   5.490338327537 Edm =   0.00508111 NCalls =     43
VariableMetric: Iteration #   2 - FCN =   5.489207019643 Edm =  0.000279224 NCalls =     57
VariableMetric: After Hessian   - FCN =   5.489207019643 Edm =   0.00102085 NCalls =     97
VariableMetric: Iteration #   3 - FCN =   5.489207019643 Edm =   0.00102085 NCalls =     97
VariableMetric: Iteration #   4 - FCN =   5.488930298928 Edm =  0.000674252 NCalls =    111
VariableMetric: After Hessian   - FCN =   5.488930298928 Edm =  0.000472112 NCalls =    153
VariableMetric: Iteration #   5 - FCN =   5.488930298928 Edm =  0.000472112 NCalls =    153
Minuit2Minimizer : Valid minimum - status = 0
FVAL  = 5.48893029892807771
Edm   = 0.000472111549806468629
Nfcn  = 153
CB_alpha	  = 1.02722	 +/-  1.229	(limited)
CB_mean	  = 1355.34	 +/-  81.9857	(limited)
CB_n	  = 1.55803	 +/-  3.66805	(limited)
CB_sigma	  = 51.7788	 +/-  136.05	(limited)
Gaus_sigma	  = 120.68	 +/-  401.181	(limited)
frac	  = 0.730375	 +/-  0.307529	(limited)
OK with fir

Processing make_signal_wide_gen_shapes.C+(1450)...
Minuit2Minimizer: Minimize with max-calls 3000 convergence for edm < 1 strategy 1
MnSeedGenerator: for initial parameters FCN = 5.527567788379
MnSeedGenerator: Initial state:   - FCN =   5.527567788379 Edm =   -0.0277101 NCalls =     21
MnSeedGenerator: Negative G2 found - new state:   - FCN =   5.524443302413 Edm =   0.00475537 NCalls =     41
VariableMetric: start iterating until Edm is < 0.001
VariableMetric: Initial state   - FCN =   5.524443302413 Edm =   0.00475537 NCalls =     41
VariableMetric: Iteration #   0 - FCN =   5.524443302413 Edm =   0.00475537 NCalls =     41
VariableMetric: Iteration #   1 - FCN =   5.521108808434 Edm =   0.00218798 NCalls =     57
VariableMetric: Iteration #   2 - FCN =   5.519975613109 Edm =  0.000206651 NCalls =     73
VariableMetric: After Hessian   - FCN =   5.519975613109 Edm =  0.000835257 NCalls =    113
VariableMetric: Iteration #   3 - FCN =   5.519975613109 Edm =  0.000835257 NCalls =    113
Minuit2Minimizer : Valid minimum - status = 0
FVAL  = 5.51997561310854579
Edm   = 0.000835256563809622403
Nfcn  = 113
CB_alpha	  = 1.00738	 +/-  1.10513	(limited)
CB_mean	  = 1453.67	 +/-  83.0889	(limited)
CB_n	  = 1.55272	 +/-  3.06508	(limited)
CB_sigma	  = 55.414	 +/-  128.212	(limited)
Gaus_sigma	  = 126.981	 +/-  407.767	(limited)
frac	  = 0.719912	 +/-  0.253096	(limited)
OK with fir

Processing make_signal_wide_gen_shapes.C+(1500)...
Minuit2Minimizer: Minimize with max-calls 3000 convergence for edm < 1 strategy 1
MnSeedGenerator: for initial parameters FCN = 5.519108210097
MnSeedGenerator: Initial state:   - FCN =   5.519108210097 Edm =  -0.00710635 NCalls =     23
MnSeedGenerator: Negative G2 found - new state:   - FCN =   5.514088837228 Edm =   0.00543777 NCalls =     44
VariableMetric: start iterating until Edm is < 0.001
VariableMetric: Initial state   - FCN =   5.514088837228 Edm =   0.00543777 NCalls =     44
VariableMetric: Iteration #   0 - FCN =   5.514088837228 Edm =   0.00543777 NCalls =     44
VariableMetric: Iteration #   1 - FCN =   5.509260651097 Edm =   0.00208663 NCalls =     60
VariableMetric: Iteration #   2 - FCN =   5.508377106254 Edm =   6.0411e-05 NCalls =     74
VariableMetric: After Hessian   - FCN =   5.508377106254 Edm =  0.000394676 NCalls =    114
VariableMetric: Iteration #   3 - FCN =   5.508377106254 Edm =  0.000394676 NCalls =    114
Minuit2Minimizer : Valid minimum - status = 0
FVAL  = 5.50837710625427768
Edm   = 0.00039467608493263368
Nfcn  = 114
CB_alpha	  = 0.977787	 +/-  1.346	(limited)
CB_mean	  = 1503.86	 +/-  150.85	(limited)
CB_n	  = 1.46403	 +/-  2.66072	(limited)
CB_sigma	  = 56.0393	 +/-  148.178	(limited)
Gaus_sigma	  = 122.645	 +/-  411.97	(limited)
frac	  = 0.717394	 +/-  0.386485	(limited)
OK with fir

Processing make_signal_wide_gen_shapes.C+(1550)...
Minuit2Minimizer: Minimize with max-calls 3000 convergence for edm < 1 strategy 1
MnSeedGenerator: for initial parameters FCN = 5.510063573775
MnSeedGenerator: Initial state:   - FCN =   5.510063573775 Edm =   0.00225741 NCalls =     21
MnSeedGenerator: Negative G2 found - new state:   - FCN =    5.50292541456 Edm =   0.00827637 NCalls =     43
VariableMetric: start iterating until Edm is < 0.001
VariableMetric: Initial state   - FCN =    5.50292541456 Edm =   0.00827637 NCalls =     43
VariableMetric: Iteration #   0 - FCN =    5.50292541456 Edm =   0.00827637 NCalls =     43
VariableMetric: Iteration #   1 - FCN =    5.49650090865 Edm =   0.00284524 NCalls =     59
VariableMetric: Iteration #   2 - FCN =   5.495293019328 Edm =  0.000119304 NCalls =     73
VariableMetric: After Hessian   - FCN =   5.495293019328 Edm =  0.000466647 NCalls =    113
VariableMetric: Iteration #   3 - FCN =   5.495293019328 Edm =  0.000466647 NCalls =    113
Minuit2Minimizer : Valid minimum - status = 0
FVAL  = 5.49529301932755931
Edm   = 0.0004666469708883455
Nfcn  = 113
CB_alpha	  = 0.988924	 +/-  1.24773	(limited)
CB_mean	  = 1552.96	 +/-  144.718	(limited)
CB_n	  = 1.37182	 +/-  2.5342	(limited)
CB_sigma	  = 58.1787	 +/-  133.074	(limited)
Gaus_sigma	  = 120.583	 +/-  407.279	(limited)
frac	  = 0.715321	 +/-  0.35494	(limited)
OK with fir

Processing make_signal_wide_gen_shapes.C+(1600)...

Processing make_signal_wide_gen_shapes.C+(1650)...
Minuit2Minimizer: Minimize with max-calls 3000 convergence for edm < 1 strategy 1
MnSeedGenerator: for initial parameters FCN = 5.536503049674
MnSeedGenerator: Initial state:   - FCN =   5.536503049674 Edm =    0.0183813 NCalls =     21
MnSeedGenerator: Negative G2 found - new state:   - FCN =   5.521892295781 Edm =   0.00707323 NCalls =     43
VariableMetric: start iterating until Edm is < 0.001
VariableMetric: Initial state   - FCN =   5.521892295781 Edm =   0.00707323 NCalls =     43
VariableMetric: Iteration #   0 - FCN =   5.521892295781 Edm =   0.00707323 NCalls =     43
VariableMetric: Iteration #   1 - FCN =   5.515020849324 Edm =  0.000522744 NCalls =     58
VariableMetric: Iteration #   2 - FCN =   5.514690011607 Edm =  0.000138997 NCalls =     72
VariableMetric: After Hessian   - FCN =   5.514690011607 Edm =    0.0301406 NCalls =    114
VariableMetric: Iteration #   3 - FCN =   5.514690011607 Edm =    0.0301406 NCalls =    114
VariableMetric: Iteration #   4 - FCN =   5.513009658563 Edm =    0.0122205 NCalls =    131
VariableMetric: Iteration #   5 - FCN =    5.51285919954 Edm =  0.000517766 NCalls =    146
VariableMetric: Iteration #   6 - FCN =   5.512470480126 Edm =   0.00015112 NCalls =    161
VariableMetric: After Hessian   - FCN =   5.512470480126 Edm =  0.000227023 NCalls =    201
VariableMetric: Iteration #   7 - FCN =   5.512470480126 Edm =  0.000227023 NCalls =    201
Minuit2Minimizer : Valid minimum - status = 0
FVAL  = 5.51247048012641461
Edm   = 0.000227022841922880895
Nfcn  = 201
CB_alpha	  = 1.28028	 +/-  1.25701	(limited)
CB_mean	  = 1647.95	 +/-  145.078	(limited)
CB_n	  = 0.930678	 +/-  2.48953	(limited)
CB_sigma	  = 67.8822	 +/-  155.927	(limited)
Gaus_sigma	  = 146.29	 +/-  393.211	(limited)
frac	  = 0.828545	 +/-  0.261342	(limited)
OK with fir

Processing make_signal_wide_gen_shapes.C+(1700)...
Minuit2Minimizer: Minimize with max-calls 3000 convergence for edm < 1 strategy 1
MnSeedGenerator: for initial parameters FCN = 5.566905809201
MnSeedGenerator: Initial state:   - FCN =   5.566905809201 Edm =    0.0514199 NCalls =     21
MnSeedGenerator: Negative G2 found - new state:   - FCN =   5.546289785045 Edm =   0.00769994 NCalls =     44
VariableMetric: start iterating until Edm is < 0.001
VariableMetric: Initial state   - FCN =   5.546289785045 Edm =   0.00769994 NCalls =     44
VariableMetric: Iteration #   0 - FCN =   5.546289785045 Edm =   0.00769994 NCalls =     44
VariableMetric: Iteration #   1 - FCN =   5.540605452525 Edm =   0.00164226 NCalls =     58
VariableMetric: Iteration #   2 - FCN =   5.539574767765 Edm =  0.000338791 NCalls =     72
VariableMetric: After Hessian   - FCN =   5.539574767765 Edm =   0.00247522 NCalls =    112
VariableMetric: Iteration #   3 - FCN =   5.539574767765 Edm =   0.00247522 NCalls =    112
VariableMetric: Iteration #   4 - FCN =   5.538240905262 Edm =   0.00055153 NCalls =    126
VariableMetric: Iteration #   5 - FCN =   5.537620655268 Edm =    0.0010755 NCalls =    140
VariableMetric: Iteration #   6 - FCN =   5.537269888539 Edm =  0.000552618 NCalls =    153
VariableMetric: Iteration #   7 - FCN =   5.536825593532 Edm =  5.46018e-05 NCalls =    168
VariableMetric: After Hessian   - FCN =   5.536825593532 Edm =  0.000157343 NCalls =    208
VariableMetric: Iteration #   8 - FCN =   5.536825593532 Edm =  0.000157343 NCalls =    208
Minuit2Minimizer : Valid minimum - status = 0
FVAL  = 5.53682559353208781
Edm   = 0.000157343440023662907
Nfcn  = 208
CB_alpha	  = 1.15529	 +/-  1.47753	(limited)
CB_mean	  = 1697.27	 +/-  139.925	(limited)
CB_n	  = 1.19239	 +/-  3.82252	(limited)
CB_sigma	  = 70.0968	 +/-  144.761	(limited)
Gaus_sigma	  = 173.889	 +/-  273.755	(limited)
frac	  = 0.853804	 +/-  0.355309	(limited)
OK with fir

Processing make_signal_wide_gen_shapes.C+(1750)...
Minuit2Minimizer: Minimize with max-calls 3000 convergence for edm < 1 strategy 1
MnSeedGenerator: for initial parameters FCN = 5.594427079397
MnSeedGenerator: Initial state:   - FCN =   5.594427079397 Edm =    0.0549411 NCalls =     21
MnSeedGenerator: Negative G2 found - new state:   - FCN =   5.566678099396 Edm =   0.00610607 NCalls =     46
VariableMetric: start iterating until Edm is < 0.001
VariableMetric: Initial state   - FCN =   5.566678099396 Edm =   0.00610607 NCalls =     46
VariableMetric: Iteration #   0 - FCN =   5.566678099396 Edm =   0.00610607 NCalls =     46
VariableMetric: Iteration #   1 - FCN =   5.561978437624 Edm =   0.00101292 NCalls =     60
VariableMetric: Iteration #   2 - FCN =   5.560986063938 Edm =  0.000415323 NCalls =     74
VariableMetric: After Hessian   - FCN =   5.560986063938 Edm =    0.0574048 NCalls =    114
VariableMetric: Iteration #   3 - FCN =   5.560986063938 Edm =    0.0574048 NCalls =    114
VariableMetric: Iteration #   4 - FCN =   5.559219213278 Edm =   0.00379644 NCalls =    129
VariableMetric: Iteration #   5 - FCN =   5.558311411253 Edm =  0.000229068 NCalls =    142
VariableMetric: Iteration #   6 - FCN =    5.55764819897 Edm =  0.000178852 NCalls =    157
VariableMetric: Iteration #   7 - FCN =   5.557488372088 Edm =  0.000239234 NCalls =    175
VariableMetric: Iteration #   8 - FCN =   5.557360100961 Edm =  0.000263307 NCalls =    190
VariableMetric: Iteration #   9 - FCN =   5.556948864294 Edm =  3.82928e-05 NCalls =    205
VariableMetric: After Hessian   - FCN =   5.556948864294 Edm =  6.69654e-05 NCalls =    245
VariableMetric: Iteration #  10 - FCN =   5.556948864294 Edm =  6.69654e-05 NCalls =    245
Minuit2Minimizer : Valid minimum - status = 0
FVAL  = 5.55694886429385182
Edm   = 6.69654475163676115e-05
Nfcn  = 245
CB_alpha	  = 1.17051	 +/-  1.32563	(limited)
CB_mean	  = 1747.2	 +/-  145.482	(limited)
CB_n	  = 1.0954	 +/-  2.87125	(limited)
CB_sigma	  = 72.1784	 +/-  160.917	(limited)
Gaus_sigma	  = 200.318	 +/-  266.84	(limited)
frac	  = 0.885209	 +/-  0.366015	(limited)
OK with fir

Processing make_signal_wide_gen_shapes.C+(1850)...
Minuit2Minimizer: Minimize with max-calls 3000 convergence for edm < 1 strategy 1
MnSeedGenerator: for initial parameters FCN = 5.690667240547
MnSeedGenerator: Initial state:   - FCN =   5.690667240547 Edm =     0.114627 NCalls =     21
MnSeedGenerator: Negative G2 found - new state:   - FCN =   5.656547254308 Edm =    0.0137528 NCalls =     46
VariableMetric: start iterating until Edm is < 0.001
VariableMetric: Initial state   - FCN =   5.656547254308 Edm =    0.0137528 NCalls =     46
VariableMetric: Iteration #   0 - FCN =   5.656547254308 Edm =    0.0137528 NCalls =     46
VariableMetric: Iteration #   1 - FCN =   5.649477241694 Edm =   0.00113453 NCalls =     60
VariableMetric: Iteration #   2 - FCN =   5.647918346803 Edm =  0.000431469 NCalls =     74
VariableMetric: Iteration #   3 - FCN =   5.645745147064 Edm =   0.00162639 NCalls =     92
VariableMetric: Iteration #   4 - FCN =   5.644685192055 Edm =  0.000581799 NCalls =    106
VariableMetric: Iteration #   5 - FCN =   5.644170821387 Edm =  0.000202018 NCalls =    121
VariableMetric: After Hessian   - FCN =   5.644170821387 Edm =   0.00166535 NCalls =    161
VariableMetric: Iteration #   6 - FCN =   5.644170821387 Edm =   0.00166535 NCalls =    161
VariableMetric: Iteration #   7 - FCN =   5.644081727459 Edm =  0.000210064 NCalls =    176
VariableMetric: Iteration #   8 - FCN =   5.643666695542 Edm =  0.000123919 NCalls =    194
VariableMetric: Iteration #   9 - FCN =    5.64360995169 Edm =  5.72901e-05 NCalls =    208
VariableMetric: After Hessian   - FCN =    5.64360995169 Edm =  7.60949e-05 NCalls =    248
VariableMetric: Iteration #  10 - FCN =    5.64360995169 Edm =  7.60949e-05 NCalls =    248
Minuit2Minimizer : Valid minimum - status = 0
FVAL  = 5.64360995168989188
Edm   = 7.60948759422472911e-05
Nfcn  = 248
CB_alpha	  = 1.20304	 +/-  1.33912	(limited)
CB_mean	  = 1848.33	 +/-  145.622	(limited)
CB_n	  = 1.02506	 +/-  2.79704	(limited)
CB_sigma	  = 75.2241	 +/-  162.484	(limited)
Gaus_sigma	  = 222.257	 +/-  292.486	(limited)
frac	  = 0.878722	 +/-  0.386368	(limited)
OK with fir

Processing make_signal_wide_gen_shapes.C+(1900)...
Minuit2Minimizer: Minimize with max-calls 3000 convergence for edm < 1 strategy 1
MnSeedGenerator: for initial parameters FCN = 5.754718642419
MnSeedGenerator: Initial state:   - FCN =   5.754718642419 Edm =     0.078414 NCalls =     21
MnSeedGenerator: Negative G2 found - new state:   - FCN =     5.7222621424 Edm =    0.0188958 NCalls =     46
VariableMetric: start iterating until Edm is < 0.001
VariableMetric: Initial state   - FCN =     5.7222621424 Edm =    0.0188958 NCalls =     46
VariableMetric: Iteration #   0 - FCN =     5.7222621424 Edm =    0.0188958 NCalls =     46
VariableMetric: Iteration #   1 - FCN =   5.711742978568 Edm =  0.000712819 NCalls =     62
VariableMetric: Iteration #   2 - FCN =   5.710296523954 Edm =  0.000785115 NCalls =     76
VariableMetric: Iteration #   3 - FCN =   5.709147310832 Edm =  0.000790691 NCalls =     91
VariableMetric: Iteration #   4 - FCN =   5.706400964754 Edm =  0.000715772 NCalls =    109
VariableMetric: Iteration #   5 - FCN =   5.705644982154 Edm =   0.00025037 NCalls =    123
VariableMetric: After Hessian   - FCN =   5.705644982154 Edm =  0.000478062 NCalls =    165
VariableMetric: Iteration #   6 - FCN =   5.705644982154 Edm =  0.000478062 NCalls =    165
Minuit2Minimizer : Valid minimum - status = 0
FVAL  = 5.7056449821544053
Edm   = 0.000478061558230261606
Nfcn  = 165
CB_alpha	  = 1.17353	 +/-  1.29727	(limited)
CB_mean	  = 1900.19	 +/-  147.666	(limited)
CB_n	  = 1.14471	 +/-  2.95876	(limited)
CB_sigma	  = 73.7714	 +/-  160.281	(limited)
Gaus_sigma	  = 195.123	 +/-  336.842	(limited)
frac	  = 0.824592	 +/-  0.408463	(limited)
OK with fir

Processing make_signal_wide_gen_shapes.C+(1950)...
Minuit2Minimizer: Minimize with max-calls 3000 convergence for edm < 1 strategy 1
MnSeedGenerator: for initial parameters FCN = 5.813658839492
MnSeedGenerator: Initial state:   - FCN =   5.813658839492 Edm =    0.0990109 NCalls =     21
MnSeedGenerator: Negative G2 found - new state:   - FCN =   5.783397035479 Edm =    0.0326813 NCalls =     46
VariableMetric: start iterating until Edm is < 0.001
VariableMetric: Initial state   - FCN =   5.783397035479 Edm =    0.0326813 NCalls =     46
VariableMetric: Iteration #   0 - FCN =   5.783397035479 Edm =    0.0326813 NCalls =     46
VariableMetric: Iteration #   1 - FCN =   5.767330222102 Edm =  0.000852257 NCalls =     62
VariableMetric: Iteration #   2 - FCN =   5.765572065099 Edm =   0.00116413 NCalls =     79
VariableMetric: Iteration #   3 - FCN =   5.764100283443 Edm =   0.00117823 NCalls =     95
VariableMetric: Iteration #   4 - FCN =   5.761776227078 Edm =  0.000939327 NCalls =    110
VariableMetric: Iteration #   5 - FCN =   5.760860003676 Edm =  0.000257065 NCalls =    123
VariableMetric: After Hessian   - FCN =   5.760860003676 Edm =  0.000516357 NCalls =    163
VariableMetric: Iteration #   6 - FCN =   5.760860003676 Edm =  0.000516357 NCalls =    163
Minuit2Minimizer : Valid minimum - status = 0
FVAL  = 5.76086000367591389
Edm   = 0.000516357174476832887
Nfcn  = 163
CB_alpha	  = 1.29649	 +/-  1.13345	(limited)
CB_mean	  = 1952.72	 +/-  147.75	(limited)
CB_n	  = 1.01173	 +/-  2.88817	(limited)
CB_sigma	  = 75.7639	 +/-  161.801	(limited)
Gaus_sigma	  = 201.853	 +/-  337.227	(limited)
frac	  = 0.816838	 +/-  0.404599	(limited)
OK with fir

Processing make_signal_wide_gen_shapes.C+(2050)...
